Start testing: Mar 15 08:23 MSK
----------------------------------------------------------
1/1 Testing: date_parser_test
1/1 Test: date_parser_test
Command: "/home/svetlana/tp/technopark_cpp/cmake-build-debug/test/date_parser_test_tests"
Directory: /home/svetlana/tp/technopark_cpp/cmake-build-debug/test
"date_parser_test" start time: Mar 15 08:23 MSK
Output:
----------------------------------------------------------
[==========] Running 5 test from 5 test cases.
[----------] Global test environment set-up.
[----------] 1 test from Date_sym_parser
[ RUN      ] Date_sym_parser.ok
correct sym 2 | current num: 2
correct sym 2 | current num: 22
colon sym: :
correct sym 2 | current num: 2
correct sym 2 | current num: 22
colon sym: :
correct sym 2 | current num: 2
correct sym 2 | current num: 22
[       OK ] Date_sym_parser.ok (0 ms)
[----------] 1 test from Date_sym_parser (0 ms total)

[----------] 1 test from Date_sym_parser_not_sym
[ RUN      ] Date_sym_parser_not_sym.not_ok
correct sym 2 | current num: 2
correct sym 2 | current num: 22
colon sym: :
correct sym 2 | current num: 2
error type of sym
error type of sym
[       OK ] Date_sym_parser_not_sym.not_ok (0 ms)
[----------] 1 test from Date_sym_parser_not_sym (0 ms total)

[----------] 1 test from Date_sym_parser_wrong_number
[ RUN      ] Date_sym_parser_wrong_number.not_ok
correct sym 2 | current num: 2
correct sym 5 | current num: 25
correct sym 2 | current num: 2
correct sym 2 | current num: 22
colon sym: :
correct sym 6 | current num: 6
correct sym 0 | current num: 60
correct sym 2 | current num: 2
correct sym 2 | current num: 22
colon sym: :
correct sym 5 | current num: 5
correct sym 0 | current num: 50
colon sym: :
correct sym 6 | current num: 6
correct sym 0 | current num: 60
[       OK ] Date_sym_parser_wrong_number.not_ok (0 ms)
[----------] 1 test from Date_sym_parser_wrong_number (0 ms total)

[----------] 1 test from Date_sym_parser_wrong_format
[ RUN      ] Date_sym_parser_wrong_format.not_ok
colon sym: :
correct sym 1 | current num: 1
colon sym: :
correct sym 0 | current num: 0
colon sym: :
[       OK ] Date_sym_parser_wrong_format.not_ok (0 ms)
[----------] 1 test from Date_sym_parser_wrong_format (0 ms total)

[----------] 1 test from Date_parser
[ RUN      ] Date_parser.ok
[       OK ] Date_parser.ok (0 ms)
[----------] 1 test from Date_parser (0 ms total)

[----------] Global test environment tear-down
[==========] 5 test from 5 test cases ran. (0 ms total)
[  PASSED  ] 5 test.
<end of output>
Test time =   0.00 sec
----------------------------------------------------------
Test Passed.
"date_parser_test" end time: Mar 15 08:23 MSK
"date_parser_test" time elapsed: 00:00:00
----------------------------------------------------------

End testing: Mar 15 08:23 MSK
